Building DAG of jobs...
Using shell: /bin/bash
Provided cores: 1
Rules claiming more threads will be scaled down.
Job counts:
	count	jobs
	1	all
	1	bcftools_call
	2	bwa_map
	1	plot_quals
	2	samtools_index
	2	samtools_sort
	9

[Mon Apr  4 21:58:16 2022]
rule bwa_map:
    input: data/genome.fa, data/samples/B.fastq
    output: mapped_reads/B.bam
    jobid: 8
    wildcards: sample=B

[Mon Apr  4 21:58:17 2022]
Finished job 8.
1 of 9 steps (11%) done

[Mon Apr  4 21:58:17 2022]
rule bwa_map:
    input: data/genome.fa, data/samples/A.fastq
    output: mapped_reads/A.bam
    jobid: 7
    wildcards: sample=A

[Mon Apr  4 21:58:18 2022]
Finished job 7.
2 of 9 steps (22%) done

[Mon Apr  4 21:58:18 2022]
rule samtools_sort:
    input: mapped_reads/B.bam
    output: sorted_reads/B.bam
    jobid: 4
    wildcards: sample=B

[Mon Apr  4 21:58:18 2022]
Finished job 4.
3 of 9 steps (33%) done

[Mon Apr  4 21:58:18 2022]
rule samtools_sort:
    input: mapped_reads/A.bam
    output: sorted_reads/A.bam
    jobid: 3
    wildcards: sample=A

[Mon Apr  4 21:58:19 2022]
Finished job 3.
4 of 9 steps (44%) done

[Mon Apr  4 21:58:19 2022]
rule samtools_index:
    input: sorted_reads/B.bam
    output: sorted_reads/B.bam.bai
    jobid: 6
    wildcards: sample=B

[Mon Apr  4 21:58:19 2022]
Finished job 6.
5 of 9 steps (56%) done

[Mon Apr  4 21:58:19 2022]
rule samtools_index:
    input: sorted_reads/A.bam
    output: sorted_reads/A.bam.bai
    jobid: 5
    wildcards: sample=A

[Mon Apr  4 21:58:19 2022]
Finished job 5.
6 of 9 steps (67%) done

[Mon Apr  4 21:58:19 2022]
rule bcftools_call:
    input: data/genome.fa, sorted_reads/A.bam, sorted_reads/B.bam, sorted_reads/A.bam.bai, sorted_reads/B.bam.bai
    output: calls/all.vcf
    jobid: 2

[Mon Apr  4 21:58:19 2022]
Finished job 2.
7 of 9 steps (78%) done

[Mon Apr  4 21:58:19 2022]
rule plot_quals:
    input: calls/all.vcf
    output: plots/quals.svg
    jobid: 1

[Mon Apr  4 21:58:21 2022]
Finished job 1.
8 of 9 steps (89%) done

[Mon Apr  4 21:58:21 2022]
localrule all:
    input: plots/quals.svg
    jobid: 0

[Mon Apr  4 21:58:21 2022]
Finished job 0.
9 of 9 steps (100%) done
Complete log: /Users/martynas/Desktop/Mokslai/Magistras/1 kursas/2 semestras/Transcriptomics/Alzbuto_dalis/snakemake-tutorial/.snakemake/log/2022-04-04T215816.432258.snakemake.log
